Determining if the pthread_create exist failed with the following output:
Change Dir: /home/hubert/projects/yijinjing-lite2/build/CMakeFiles/CMakeTmp

Run Build Command:"/usr/bin/make" "cmTC_ba9b2/fast"
/usr/bin/make -f CMakeFiles/cmTC_ba9b2.dir/build.make CMakeFiles/cmTC_ba9b2.dir/build
make[1]: 进入目录“/home/hubert/projects/yijinjing-lite2/build/CMakeFiles/CMakeTmp”
Building C object CMakeFiles/cmTC_ba9b2.dir/CheckSymbolExists.c.o
/usr/bin/cc    -o CMakeFiles/cmTC_ba9b2.dir/CheckSymbolExists.c.o   -c /home/hubert/projects/yijinjing-lite2/build/CMakeFiles/CMakeTmp/CheckSymbolExists.c
Linking C executable cmTC_ba9b2
/usr/bin/cmake -E cmake_link_script CMakeFiles/cmTC_ba9b2.dir/link.txt --verbose=1
/usr/bin/cc      CMakeFiles/cmTC_ba9b2.dir/CheckSymbolExists.c.o  -o cmTC_ba9b2 
CMakeFiles/cmTC_ba9b2.dir/CheckSymbolExists.c.o：在函数‘main’中：
CheckSymbolExists.c:(.text+0x1b)：对‘pthread_create’未定义的引用
collect2: error: ld returned 1 exit status
CMakeFiles/cmTC_ba9b2.dir/build.make:97: recipe for target 'cmTC_ba9b2' failed
make[1]: *** [cmTC_ba9b2] Error 1
make[1]: 离开目录“/home/hubert/projects/yijinjing-lite2/build/CMakeFiles/CMakeTmp”
Makefile:126: recipe for target 'cmTC_ba9b2/fast' failed
make: *** [cmTC_ba9b2/fast] Error 2

File /home/hubert/projects/yijinjing-lite2/build/CMakeFiles/CMakeTmp/CheckSymbolExists.c:
/* */
#include <pthread.h>

int main(int argc, char** argv)
{
  (void)argv;
#ifndef pthread_create
  return ((int*)(&pthread_create))[argc];
#else
  (void)argc;
  return 0;
#endif
}

Determining if the function pthread_create exists in the pthreads failed with the following output:
Change Dir: /home/hubert/projects/yijinjing-lite2/build/CMakeFiles/CMakeTmp

Run Build Command:"/usr/bin/make" "cmTC_f2a3b/fast"
/usr/bin/make -f CMakeFiles/cmTC_f2a3b.dir/build.make CMakeFiles/cmTC_f2a3b.dir/build
make[1]: 进入目录“/home/hubert/projects/yijinjing-lite2/build/CMakeFiles/CMakeTmp”
Building C object CMakeFiles/cmTC_f2a3b.dir/CheckFunctionExists.c.o
/usr/bin/cc   -DCHECK_FUNCTION_EXISTS=pthread_create   -o CMakeFiles/cmTC_f2a3b.dir/CheckFunctionExists.c.o   -c /usr/share/cmake-3.10/Modules/CheckFunctionExists.c
Linking C executable cmTC_f2a3b
/usr/bin/cmake -E cmake_link_script CMakeFiles/cmTC_f2a3b.dir/link.txt --verbose=1
/usr/bin/cc  -DCHECK_FUNCTION_EXISTS=pthread_create    CMakeFiles/cmTC_f2a3b.dir/CheckFunctionExists.c.o  -o cmTC_f2a3b -lpthreads 
/usr/bin/ld: 找不到 -lpthreads
collect2: error: ld returned 1 exit status
CMakeFiles/cmTC_f2a3b.dir/build.make:97: recipe for target 'cmTC_f2a3b' failed
make[1]: *** [cmTC_f2a3b] Error 1
make[1]: 离开目录“/home/hubert/projects/yijinjing-lite2/build/CMakeFiles/CMakeTmp”
Makefile:126: recipe for target 'cmTC_f2a3b/fast' failed
make: *** [cmTC_f2a3b/fast] Error 2


